-----BEGIN RSA PRIVATE KEY-----
MIIEogIBAAKCAQEArVOsPtm7VsjuZjja4sjvolhOK2I3MFO8QeqphZveKUMYvnjg
LTmnispqrMhbFURIN2rNdhSy9HgFPhfMJWeeN6eoaIpx8KtYeV+aR33KzDagHdgH
J2Z4pXyAzQVrs8t6Ha/WuxcIdqwIA3mRNClOZU7qElMDvlo5MAlLGvICFXXMS2Rc
gPoIrreLcE8qvAfrcadyjIQyMk5MQsa8izSlYTmN/O2JknzNMHF+pfTyRQrtcmHg
Q1asBs7f0534zko93+wnD1lU+qjuNLcd9Op1LKYYsiUsIIeoN2YTdtOdKhH3+AVB
xawDTfdwgaDFa+xuL40Ug0yTCSGZQl53an9hNwIDAQABAoIBAF079hp02r4LJZod
GTkGp0inwZy6nz9Cu7Clfvzc5DtD2WqT8NrC+anBynIY8E3XRhVxQQY0ijLQ4NkO
ygSQ4V3EtOVPG40/Tj8zuvSb6NvCwoxrKSX7jAhQmaQvN0kmuhCABrzq3eWgEkt0
ODRbx8zdDzI+L3RUahC53wmmhpJtwSfA209ADj8aExAzpn4y5HxGaGNLShCfGHhO
dOBtkgPZozoqBXV/KccW9wYTzND19yJ9CNJ+932ORnoxP+e/bTIyEXP8GTTH1QgJ
QZ0RVYYtQkQ88WOZhmKyAgFt/gX22zUl2D1/R74Y9HU5qf3kEcvAXfQrF4uMhrkR
hxrLB4kCgYEA37w2Bd2Z/zxZIb4jJDFCaDQPqVu5098jjgui3m4vnQ3eA8cXHX4I
EQsdflli5xL0s98+lx6/M0CUyIOrkaqUfmSD0GJFOOQHA4OloKcbKHle61bTXMpX
FuYrfOOV6Sx3ZQDNSXgMh7zH4FtFLl1sK4eVQhSoecVL6K48uoS/t+UCgYEAxlKA
WkhnbQE6THyvBfR4rYvtOS1HNA37kduBCtjKt5QkfrOpLxdzWmwJv541dsJSd9HO
TlLx+50Pv0977uunXN6he/NTPC+4waf/CjAJazBZd2bQP2lIFrUkGb+/opPBvFYK
8anYDr05N5zcsidUIfq3Cqu/qMZwA/Json+eKusCgYBdvrrUElooO90M6mJHE+zD
RK0bRTfDssdvCSkhEgIZSGoyIwVochpnKcUd3841DBhEFdJf954dl32/1ovY6SR3
IR6p/cMLZ2AY9Nw9SEd02gYPjb3aL132VlL6bVGu9dbBF2js08RMS6lkNFn0Z2if
hJvhqE4/V4/K2tbPQDgkkQKBgDwmZ6F6VkwcVDdAlcEDndpdFy0BS5hBKWzam2/T
wuAdAVigWw7aWPUy0V4ZuPN1CpgmvSDKTXRX9Z+7lsYnGRK0v1uduEAH5UxvDI5l
dWXaOzhYqY6h+uhQNkvM+W1wzRC3NAiJz+rgf0sbu2AZR44qwXtuDeo9jVnVHBfJ
BwrTAoGAe1lF3rpWZ4Q4HBTL76jbBN+4mi+Gp1CJ0TyX5UFBTn4/k+RMrzVJx9vS
K8WYJHDALZ2CxsHUAWzaKpwVEalCfuF/uF49WO4D3gLkZLDgN2wcsxlPXyojMxjU
reDbpvF5B2NIouD+eXgE+culFXValqXqb3PS/0dUBuQnA/z3vBU=
-----END RSA PRIVATE KEY-----
